<?xml version="1.0" encoding="UTF-8"?>
<!-- Generated by org.testng.reporters.JUnitXMLReporter -->
<testsuite hostname="DESKTOP-89OTHQ5" ignored="2" name="Test" tests="1" failures="0" timestamp="17 Mar 2021 12:37:19 GMT" time="0.151" errors="0">
  <testcase name="printTable" time="0.058" classname="com.jbk.Demo"/>
  <testcase name="userclick" time="0.0" classname="com.jbk.Demo">
    <ignored/>
  </testcase> <!-- userclick -->
  <testcase name="verifyCourses" time="0.0" classname="com.jbk.Demo">
    <ignored/>
  </testcase> <!-- verifyCourses -->
</testsuite> <!-- Test -->
