<?xml version="1.0" encoding="UTF-8"?>
<testng-results skipped="0" failed="0" ignored="1" total="2" passed="1">
  <reporter-output>
  </reporter-output>
  <suite name="Default suite" duration-ms="22325" started-at="2021-04-18T03:18:14Z" finished-at="2021-04-18T03:18:36Z">
    <groups>
    </groups>
    <test name="Default test" duration-ms="22325" started-at="2021-04-18T03:18:14Z" finished-at="2021-04-18T03:18:36Z">
      <class name="com.jbk.ReadProperty">
        <test-method status="PASS" signature="loginTest()[pri:0, instance:com.jbk.ReadProperty@6d8a00e3]" name="loginTest" duration-ms="22243" started-at="2021-04-18T08:48:14Z" finished-at="2021-04-18T08:48:36Z">
          <reporter-output>
          </reporter-output>
        </test-method> <!-- loginTest -->
      </class> <!-- com.jbk.ReadProperty -->
    </test> <!-- Default test -->
  </suite> <!-- Default suite -->
</testng-results>
